<?xml version="1.0" encoding="UTF-8"?>
<testsuite name="com.phonebook.tests.DeleteContactTests" tests="1" skipped="0" failures="0" errors="0" timestamp="2025-04-21T17:37:59" hostname="DESKTOP-E4GQ9G2" time="5.669">
  <properties/>
  <testcase name="deleteContactTests" classname="com.phonebook.tests.DeleteContactTests" time="5.669"/>
  <system-out><![CDATA[20:37:45.772 [Test worker] INFO  com.phonebook.tests.TestBase -- Start test deleteContactTests[]
20:37:45.776 [Test worker] INFO  com.phonebook.utils.MyListener -- Before find elementsBy.cssSelector: [href='/login']
20:37:45.777 [Test worker] INFO  com.phonebook.utils.MyListener -- *******************************************************************
20:37:55.839 [Test worker] INFO  com.phonebook.utils.MyListener -- List size is0
20:37:55.839 [Test worker] INFO  com.phonebook.utils.MyListener -- *******************************************************************
20:37:55.839 [Test worker] INFO  com.phonebook.utils.MyListener -- The locator will be foundBy.xpath: //button[.='Sign Out']
20:37:55.840 [Test worker] INFO  com.phonebook.utils.MyListener -- *******************************************************************
20:37:55.860 [Test worker] INFO  com.phonebook.utils.MyListener -- The locator is foundBy.xpath: //button[.='Sign Out']
20:37:55.861 [Test worker] INFO  com.phonebook.utils.MyListener -- *******************************************************************
20:37:55.968 [Test worker] INFO  com.phonebook.utils.MyListener -- The locator will be foundBy.cssSelector: [href='/login']
20:37:55.969 [Test worker] INFO  com.phonebook.utils.MyListener -- *******************************************************************
20:37:55.999 [Test worker] INFO  com.phonebook.utils.MyListener -- The locator is foundBy.cssSelector: [href='/login']
20:37:55.999 [Test worker] INFO  com.phonebook.utils.MyListener -- *******************************************************************
20:37:56.071 [Test worker] INFO  com.phonebook.utils.MyListener -- The locator will be foundBy.name: email
20:37:56.071 [Test worker] INFO  com.phonebook.utils.MyListener -- *******************************************************************
20:37:56.090 [Test worker] INFO  com.phonebook.utils.MyListener -- The locator is foundBy.name: email
20:37:56.090 [Test worker] INFO  com.phonebook.utils.MyListener -- *******************************************************************
20:37:56.201 [Test worker] INFO  com.phonebook.utils.MyListener -- The locator will be foundBy.name: email
20:37:56.201 [Test worker] INFO  com.phonebook.utils.MyListener -- *******************************************************************
20:37:56.228 [Test worker] INFO  com.phonebook.utils.MyListener -- The locator is foundBy.name: email
20:37:56.229 [Test worker] INFO  com.phonebook.utils.MyListener -- *******************************************************************
20:37:56.278 [Test worker] INFO  com.phonebook.utils.MyListener -- The locator will be foundBy.name: email
20:37:56.279 [Test worker] INFO  com.phonebook.utils.MyListener -- *******************************************************************
20:37:56.322 [Test worker] INFO  com.phonebook.utils.MyListener -- The locator is foundBy.name: email
20:37:56.327 [Test worker] INFO  com.phonebook.utils.MyListener -- *******************************************************************
20:37:56.517 [Test worker] INFO  com.phonebook.utils.MyListener -- The locator will be foundBy.name: password
20:37:56.518 [Test worker] INFO  com.phonebook.utils.MyListener -- *******************************************************************
20:37:56.551 [Test worker] INFO  com.phonebook.utils.MyListener -- The locator is foundBy.name: password
20:37:56.551 [Test worker] INFO  com.phonebook.utils.MyListener -- *******************************************************************
20:37:56.758 [Test worker] INFO  com.phonebook.utils.MyListener -- The locator will be foundBy.name: password
20:37:56.759 [Test worker] INFO  com.phonebook.utils.MyListener -- *******************************************************************
20:37:56.861 [Test worker] INFO  com.phonebook.utils.MyListener -- The locator is foundBy.name: password
20:37:56.862 [Test worker] INFO  com.phonebook.utils.MyListener -- *******************************************************************
20:37:56.905 [Test worker] INFO  com.phonebook.utils.MyListener -- The locator will be foundBy.name: password
20:37:56.905 [Test worker] INFO  com.phonebook.utils.MyListener -- *******************************************************************
20:37:56.934 [Test worker] INFO  com.phonebook.utils.MyListener -- The locator is foundBy.name: password
20:37:56.934 [Test worker] INFO  com.phonebook.utils.MyListener -- *******************************************************************
20:37:57.011 [Test worker] INFO  com.phonebook.utils.MyListener -- The locator will be foundBy.name: login
20:37:57.011 [Test worker] INFO  com.phonebook.utils.MyListener -- *******************************************************************
20:37:57.035 [Test worker] INFO  com.phonebook.utils.MyListener -- The locator is foundBy.name: login
20:37:57.035 [Test worker] INFO  com.phonebook.utils.MyListener -- *******************************************************************
20:37:57.130 [Test worker] INFO  com.phonebook.utils.MyListener -- The locator will be foundBy.cssSelector: [href='/add']
20:37:57.130 [Test worker] INFO  com.phonebook.utils.MyListener -- *******************************************************************
20:37:57.730 [Test worker] INFO  com.phonebook.utils.MyListener -- The locator is foundBy.cssSelector: [href='/add']
20:37:57.731 [Test worker] INFO  com.phonebook.utils.MyListener -- *******************************************************************
20:37:57.817 [Test worker] INFO  com.phonebook.utils.MyListener -- The locator will be foundBy.cssSelector: input:nth-child(1)
20:37:57.818 [Test worker] INFO  com.phonebook.utils.MyListener -- *******************************************************************
20:37:57.851 [Test worker] INFO  com.phonebook.utils.MyListener -- The locator is foundBy.cssSelector: input:nth-child(1)
20:37:57.852 [Test worker] INFO  com.phonebook.utils.MyListener -- *******************************************************************
20:37:57.928 [Test worker] INFO  com.phonebook.utils.MyListener -- The locator will be foundBy.cssSelector: input:nth-child(1)
20:37:57.928 [Test worker] INFO  com.phonebook.utils.MyListener -- *******************************************************************
20:37:57.949 [Test worker] INFO  com.phonebook.utils.MyListener -- The locator is foundBy.cssSelector: input:nth-child(1)
20:37:57.949 [Test worker] INFO  com.phonebook.utils.MyListener -- *******************************************************************
20:37:57.979 [Test worker] INFO  com.phonebook.utils.MyListener -- The locator will be foundBy.cssSelector: input:nth-child(1)
20:37:57.979 [Test worker] INFO  com.phonebook.utils.MyListener -- *******************************************************************
20:37:57.996 [Test worker] INFO  com.phonebook.utils.MyListener -- The locator is foundBy.cssSelector: input:nth-child(1)
20:37:57.996 [Test worker] INFO  com.phonebook.utils.MyListener -- *******************************************************************
20:37:58.042 [Test worker] INFO  com.phonebook.utils.MyListener -- The locator will be foundBy.cssSelector: input:nth-child(2)
20:37:58.043 [Test worker] INFO  com.phonebook.utils.MyListener -- *******************************************************************
20:37:58.064 [Test worker] INFO  com.phonebook.utils.MyListener -- The locator is foundBy.cssSelector: input:nth-child(2)
20:37:58.065 [Test worker] INFO  com.phonebook.utils.MyListener -- *******************************************************************
20:37:58.132 [Test worker] INFO  com.phonebook.utils.MyListener -- The locator will be foundBy.cssSelector: input:nth-child(2)
20:37:58.133 [Test worker] INFO  com.phonebook.utils.MyListener -- *******************************************************************
20:37:58.158 [Test worker] INFO  com.phonebook.utils.MyListener -- The locator is foundBy.cssSelector: input:nth-child(2)
20:37:58.158 [Test worker] INFO  com.phonebook.utils.MyListener -- *******************************************************************
20:37:58.192 [Test worker] INFO  com.phonebook.utils.MyListener -- The locator will be foundBy.cssSelector: input:nth-child(2)
20:37:58.192 [Test worker] INFO  com.phonebook.utils.MyListener -- *******************************************************************
20:37:58.206 [Test worker] INFO  com.phonebook.utils.MyListener -- The locator is foundBy.cssSelector: input:nth-child(2)
20:37:58.206 [Test worker] INFO  com.phonebook.utils.MyListener -- *******************************************************************
20:37:58.242 [Test worker] INFO  com.phonebook.utils.MyListener -- The locator will be foundBy.cssSelector: input:nth-child(3)
20:37:58.242 [Test worker] INFO  com.phonebook.utils.MyListener -- *******************************************************************
20:37:58.259 [Test worker] INFO  com.phonebook.utils.MyListener -- The locator is foundBy.cssSelector: input:nth-child(3)
20:37:58.259 [Test worker] INFO  com.phonebook.utils.MyListener -- *******************************************************************
20:37:58.326 [Test worker] INFO  com.phonebook.utils.MyListener -- The locator will be foundBy.cssSelector: input:nth-child(3)
20:37:58.327 [Test worker] INFO  com.phonebook.utils.MyListener -- *******************************************************************
20:37:58.344 [Test worker] INFO  com.phonebook.utils.MyListener -- The locator is foundBy.cssSelector: input:nth-child(3)
20:37:58.345 [Test worker] INFO  com.phonebook.utils.MyListener -- *******************************************************************
20:37:58.375 [Test worker] INFO  com.phonebook.utils.MyListener -- The locator will be foundBy.cssSelector: input:nth-child(3)
20:37:58.375 [Test worker] INFO  com.phonebook.utils.MyListener -- *******************************************************************
20:37:58.395 [Test worker] INFO  com.phonebook.utils.MyListener -- The locator is foundBy.cssSelector: input:nth-child(3)
20:37:58.395 [Test worker] INFO  com.phonebook.utils.MyListener -- *******************************************************************
20:37:58.436 [Test worker] INFO  com.phonebook.utils.MyListener -- The locator will be foundBy.cssSelector: input:nth-child(4)
20:37:58.437 [Test worker] INFO  com.phonebook.utils.MyListener -- *******************************************************************
20:37:58.453 [Test worker] INFO  com.phonebook.utils.MyListener -- The locator is foundBy.cssSelector: input:nth-child(4)
20:37:58.454 [Test worker] INFO  com.phonebook.utils.MyListener -- *******************************************************************
20:37:58.513 [Test worker] INFO  com.phonebook.utils.MyListener -- The locator will be foundBy.cssSelector: input:nth-child(4)
20:37:58.514 [Test worker] INFO  com.phonebook.utils.MyListener -- *******************************************************************
20:37:58.530 [Test worker] INFO  com.phonebook.utils.MyListener -- The locator is foundBy.cssSelector: input:nth-child(4)
20:37:58.530 [Test worker] INFO  com.phonebook.utils.MyListener -- *******************************************************************
20:37:58.564 [Test worker] INFO  com.phonebook.utils.MyListener -- The locator will be foundBy.cssSelector: input:nth-child(4)
20:37:58.565 [Test worker] INFO  com.phonebook.utils.MyListener -- *******************************************************************
20:37:58.584 [Test worker] INFO  com.phonebook.utils.MyListener -- The locator is foundBy.cssSelector: input:nth-child(4)
20:37:58.584 [Test worker] INFO  com.phonebook.utils.MyListener -- *******************************************************************
20:37:58.640 [Test worker] INFO  com.phonebook.utils.MyListener -- The locator will be foundBy.cssSelector: input:nth-child(5)
20:37:58.640 [Test worker] INFO  com.phonebook.utils.MyListener -- *******************************************************************
20:37:58.656 [Test worker] INFO  com.phonebook.utils.MyListener -- The locator is foundBy.cssSelector: input:nth-child(5)
20:37:58.656 [Test worker] INFO  com.phonebook.utils.MyListener -- *******************************************************************
20:37:58.716 [Test worker] INFO  com.phonebook.utils.MyListener -- The locator will be foundBy.cssSelector: input:nth-child(5)
20:37:58.716 [Test worker] INFO  com.phonebook.utils.MyListener -- *******************************************************************
20:37:58.735 [Test worker] INFO  com.phonebook.utils.MyListener -- The locator is foundBy.cssSelector: input:nth-child(5)
20:37:58.736 [Test worker] INFO  com.phonebook.utils.MyListener -- *******************************************************************
20:37:58.772 [Test worker] INFO  com.phonebook.utils.MyListener -- The locator will be foundBy.cssSelector: input:nth-child(5)
20:37:58.772 [Test worker] INFO  com.phonebook.utils.MyListener -- *******************************************************************
20:37:58.811 [Test worker] INFO  com.phonebook.utils.MyListener -- The locator is foundBy.cssSelector: input:nth-child(5)
20:37:58.812 [Test worker] INFO  com.phonebook.utils.MyListener -- *******************************************************************
20:37:58.951 [Test worker] INFO  com.phonebook.utils.MyListener -- The locator will be foundBy.cssSelector: input:nth-child(6)
20:37:58.952 [Test worker] INFO  com.phonebook.utils.MyListener -- *******************************************************************
20:37:59.001 [Test worker] INFO  com.phonebook.utils.MyListener -- The locator is foundBy.cssSelector: input:nth-child(6)
20:37:59.002 [Test worker] INFO  com.phonebook.utils.MyListener -- *******************************************************************
20:37:59.183 [Test worker] INFO  com.phonebook.utils.MyListener -- The locator will be foundBy.cssSelector: input:nth-child(6)
20:37:59.183 [Test worker] INFO  com.phonebook.utils.MyListener -- *******************************************************************
20:37:59.231 [Test worker] INFO  com.phonebook.utils.MyListener -- The locator is foundBy.cssSelector: input:nth-child(6)
20:37:59.232 [Test worker] INFO  com.phonebook.utils.MyListener -- *******************************************************************
20:37:59.338 [Test worker] INFO  com.phonebook.utils.MyListener -- The locator will be foundBy.cssSelector: input:nth-child(6)
20:37:59.338 [Test worker] INFO  com.phonebook.utils.MyListener -- *******************************************************************
20:37:59.392 [Test worker] INFO  com.phonebook.utils.MyListener -- The locator is foundBy.cssSelector: input:nth-child(6)
20:37:59.393 [Test worker] INFO  com.phonebook.utils.MyListener -- *******************************************************************
20:37:59.634 [Test worker] INFO  com.phonebook.utils.MyListener -- The locator will be foundBy.cssSelector: .add_form__2rsm2 button
20:37:59.635 [Test worker] INFO  com.phonebook.utils.MyListener -- *******************************************************************
20:37:59.708 [Test worker] INFO  com.phonebook.utils.MyListener -- The locator is foundBy.cssSelector: .add_form__2rsm2 button
20:37:59.709 [Test worker] INFO  com.phonebook.utils.MyListener -- *******************************************************************
20:37:59.943 [Test worker] INFO  com.phonebook.utils.MyListener -- Before find elementsBy.cssSelector: .contact-item_card__2SOIM
20:37:59.943 [Test worker] INFO  com.phonebook.utils.MyListener -- *******************************************************************
20:38:01.439 [Test worker] INFO  com.phonebook.utils.MyListener -- List size is74
20:38:01.440 [Test worker] INFO  com.phonebook.utils.MyListener -- *******************************************************************
20:38:01.441 [Test worker] INFO  com.phonebook.utils.MyListener -- Before find elementsBy.cssSelector: .contact-item_card__2SOIM
20:38:01.441 [Test worker] INFO  com.phonebook.utils.MyListener -- *******************************************************************
20:38:02.701 [Test worker] INFO  com.phonebook.utils.MyListener -- List size is74
20:38:02.702 [Test worker] INFO  com.phonebook.utils.MyListener -- *******************************************************************
20:38:02.703 [Test worker] INFO  com.phonebook.utils.MyListener -- The locator will be foundBy.cssSelector: .contact-item_card__2SOIM
20:38:02.703 [Test worker] INFO  com.phonebook.utils.MyListener -- *******************************************************************
20:38:02.734 [Test worker] INFO  com.phonebook.utils.MyListener -- The locator is foundBy.cssSelector: .contact-item_card__2SOIM
20:38:02.734 [Test worker] INFO  com.phonebook.utils.MyListener -- *******************************************************************
20:38:02.902 [Test worker] INFO  com.phonebook.utils.MyListener -- The locator will be foundBy.xpath: //button[.='Remove']
20:38:02.903 [Test worker] INFO  com.phonebook.utils.MyListener -- *******************************************************************
20:38:02.945 [Test worker] INFO  com.phonebook.utils.MyListener -- The locator is foundBy.xpath: //button[.='Remove']
20:38:02.946 [Test worker] INFO  com.phonebook.utils.MyListener -- *******************************************************************
20:38:04.103 [Test worker] INFO  com.phonebook.utils.MyListener -- Before find elementsBy.cssSelector: .contact-item_card__2SOIM
20:38:04.103 [Test worker] INFO  com.phonebook.utils.MyListener -- *******************************************************************
20:38:04.797 [Test worker] INFO  com.phonebook.utils.MyListener -- List size is73
20:38:04.797 [Test worker] INFO  com.phonebook.utils.MyListener -- *******************************************************************
20:38:04.798 [Test worker] INFO  com.phonebook.utils.MyListener -- Before find elementsBy.cssSelector: .contact-item_card__2SOIM
20:38:04.798 [Test worker] INFO  com.phonebook.utils.MyListener -- *******************************************************************
20:38:05.610 [Test worker] INFO  com.phonebook.utils.MyListener -- List size is73
20:38:05.611 [Test worker] INFO  com.phonebook.utils.MyListener -- *******************************************************************
20:38:05.613 [Test worker] INFO  com.phonebook.tests.TestBase -- PASSED: deleteContactTests
20:38:05.613 [Test worker] INFO  com.phonebook.tests.TestBase -- Stop test
20:38:05.614 [Test worker] INFO  com.phonebook.tests.TestBase -- =============================================
]]></system-out>
  <system-err><![CDATA[]]></system-err>
</testsuite>
